"../../../Engine/Content/Functions/Engine_MaterialFunctions01/Opacity/CameraDepthFade.uasset" 0
"../../../Engine/Content/EngineMaterials/T_Default_Material_Grid_M.uasset" 1
"../../../Engine/Content/EngineMaterials/T_Default_Material_Grid_N.uasset" 2
"../../../Engine/Content/EngineMaterials/DefaultMaterial.uasset" 3
"../../../Engine/Content/BasicShapes/Cone.uasset" 4
"../../../Engine/Content/EngineMaterials/WorldGridMaterial.uasset" 5
"../../../Engine/Content/BasicShapes/Cube.uasset" 6
"../../../Engine/Content/BasicShapes/Cylinder.uasset" 7
"../../../Engine/Content/BasicShapes/Plane.uasset" 8
"../../../Engine/Content/BasicShapes/Sphere.uasset" 9
"../../../Engine/Content/EditorLandscapeResources/DataLayer.uasset" 10
"../../../Engine/Content/EditorMaterials/GizmoMaterial.uasset" 11
"../../../Engine/Content/EditorMaterials/MAT_Groups_Toggle.uasset" 12
"../../../Engine/Content/EditorMaterials/MAT_Groups_Visibility.uasset" 13
"../../../Engine/Content/EditorMaterials/PreviewShadowIndicator.uasset" 14
"../../../Engine/Content/EditorMaterials/PreviewShadowIndicatorMaterial.uasset" 15
"../../../Engine/Content/EditorMaterials/AssetViewer/EpicQuadPanorama_CC+EV1.uasset" 16
"../../../Engine/Content/EditorMaterials/MatineeGroups/MAT_ColorTrack.uasset" 17
"../../../Engine/Content/EditorMaterials/MatineeGroups/MAT_Groups_Anim.uasset" 18
"../../../Engine/Content/EditorMaterials/MatineeGroups/MAT_Groups_AudioMaster.uasset" 19
"../../../Engine/Content/EditorMaterials/MatineeGroups/MAT_Groups_Director.uasset" 20
"../../../Engine/Content/EditorMaterials/MatineeGroups/MAT_Groups_Event.uasset" 21
"../../../Engine/Content/EditorMaterials/MatineeGroups/MAT_Groups_Fade.uasset" 22
"../../../Engine/Content/EditorMaterials/MatineeGroups/MAT_Groups_Float.uasset" 23
"../../../Engine/Content/EditorMaterials/MatineeGroups/MAT_Groups_Move.uasset" 24
"../../../Engine/Content/EditorMaterials/MatineeGroups/MAT_Groups_Slomo.uasset" 25
"../../../Engine/Content/EditorMaterials/MatineeGroups/MAT_Groups_Sound.uasset" 26
"../../../Engine/Content/EditorMaterials/MatineeGroups/MAT_Groups_Vector.uasset" 27
"../../../Engine/Content/EditorMaterials/ParticleSystems/PSysThumbnail_NoImage.uasset" 28
"../../../Engine/Content/EditorMaterials/ParticleSystems/PSysThumbnail_OOD.uasset" 29
"../../../Engine/Content/EditorMaterials/Camera/CineMat.uasset" 30
"../../../Engine/Content/EditorMaterials/Camera/MI_CineMat_Rig.uasset" 31
"../../../Engine/Content/EditorMeshes/Camera/SM_CraneRig_Arm.uasset" 32
"../../../Engine/Content/EditorMeshes/Camera/SM_CraneRig_Base.uasset" 33
"../../../Engine/Content/EditorMeshes/Camera/SM_CraneRig_Body.uasset" 34
"../../../Engine/Content/EditorMeshes/Camera/SM_CraneRig_Mount.uasset" 35
"../../../Engine/Content/EditorMeshes/Camera/SM_RailRig_Mount.uasset" 36
"../../../Engine/Content/EditorMeshes/Camera/SM_RailRig_Track.uasset" 37
"../../../Engine/Content/EditorMeshes/ColorCalibrator/M_ChromeBall.uasset" 38
"../../../Engine/Content/EditorMeshes/ColorCalibrator/M_ClearCoat.uasset" 39
"../../../Engine/Content/EditorMeshes/ColorCalibrator/M_ClearCoatBlack.uasset" 40
"../../../Engine/Content/EditorMeshes/ColorCalibrator/T_ColorGrid.uasset" 41
"../../../Engine/Content/EditorMeshes/ColorCalibrator/M_ColorGrid.uasset" 42
"../../../Engine/Content/EditorMeshes/ColorCalibrator/M_GreyBall.uasset" 43
"../../../Engine/Content/EditorMeshes/ColorCalibrator/SM_ColorCalibrator.uasset" 44
"../../../Engine/Content/EditorResources/BSPVertex.uasset" 45
"../../../Engine/Content/EditorResources/EmptyActor.uasset" 46
"../../../Engine/Content/EditorResources/RGBTable16x1_AssetViewer.uasset" 47
"../../../Engine/Content/EditorResources/S_Actor.uasset" 48
"../../../Engine/Content/EditorResources/S_Trigger.uasset" 49
"../../../Engine/Content/EditorResources/LightIcons/S_LightError.uasset" 50
"../../../Engine/Content/EditorResources/SequenceRecorder/Countdown.uasset" 51
"../../../Engine/Content/EditorResources/SequenceRecorder/RecordingIndicator.uasset" 52
"../../../Engine/Content/EditorSounds/Notifications/CompileFailed.uasset" 53
"../../../Engine/Content/EditorSounds/Notifications/CompileFailed_Cue.uasset" 54
"../../../Engine/Content/EditorSounds/Notifications/CompileSuccess.uasset" 55
"../../../Engine/Content/EditorSounds/Notifications/CompileStart_Cue.uasset" 56
"../../../Engine/Content/EditorSounds/Notifications/CompileSuccess_Cue.uasset" 57
"../../../Engine/Content/EngineDamageTypes/DmgTypeBP_Environmental.uasset" 58
"../../../Engine/Content/EngineDebugMaterials/HeatmapGradient.uasset" 59
"../../../Engine/Content/EngineDebugMaterials/BoneWeightMaterial.uasset" 60
"../../../Engine/Content/EngineDebugMaterials/DebugMeshMaterial.uasset" 61
"../../../Engine/Content/EngineDebugMaterials/GeomMaterial.uasset" 62
"../../../Engine/Content/EngineFonts/Faces/RobotoBold.uasset" 63
"../../../Engine/Content/EngineFonts/Faces/RobotoBoldItalic.uasset" 64
"../../../Engine/Content/EngineFonts/Faces/RobotoItalic.uasset" 65
"../../../Engine/Content/EngineFonts/Faces/RobotoLight.uasset" 66
"../../../Engine/Content/EngineFonts/Faces/RobotoRegular.uasset" 67
"../../../Engine/Content/EngineFonts/Roboto.uasset" 68
"../../../Engine/Content/EngineFonts/Faces/RobotoTiny.uasset" 69
"../../../Engine/Content/EngineFonts/RobotoTiny.uasset" 70
"../../../Engine/Content/EngineMaterials/DefaultBokeh.uasset" 71
"../../../Engine/Content/EngineMaterials/DefaultDiffuse.uasset" 72
"../../../Engine/Content/EngineMaterials/DefaultDeferredDecalMaterial.uasset" 73
"../../../Engine/Content/EngineMaterials/DefaultLightFunctionMaterial.uasset" 74
"../../../Engine/Content/EngineMaterials/DefaultPhysicalMaterial.uasset" 75
"../../../Engine/Content/Functions/Engine_MaterialFunctions02/Utility/BreakOutFloat2Components.uasset" 76
"../../../Engine/Content/EngineMaterials/DefaultPostProcessMaterial.uasset" 77
"../../../Engine/Content/EngineFonts/RobotoDistanceField.uasset" 78
"../../../Engine/Content/EngineMaterials/DefaultTextMaterialOpaque.uasset" 79
"../../../Engine/Content/EngineMaterials/DefaultWhiteGrid.uasset" 80
"../../../Engine/Content/EngineMaterials/EditorBrushMaterial.uasset" 81
"../../../Engine/Content/EngineMaterials/Good64x64TilingNoiseHighFreq.uasset" 82
"../../../Engine/Content/EngineMaterials/MiniFont.uasset" 83
"../../../Engine/Content/EngineMaterials/InvalidLightmapSettings.uasset" 84
"../../../Engine/Content/EngineMaterials/M_InvalidLightmapSettings.uasset" 85
"../../../Engine/Content/EngineMaterials/PhAT_JointLimitMaterial.uasset" 86
"../../../Engine/Content/EngineMaterials/PreintegratedSkinBRDF.uasset" 87
"../../../Engine/Content/EngineMaterials/RemoveSurfaceMaterial.uasset" 88
"../../../Engine/Content/EngineMaterials/WeightMapPlaceholderTexture.uasset" 89
"../../../Engine/Content/EngineResources/WhiteSquareTexture.uasset" 90
"../../../Engine/Content/EngineMaterials/Widget3DPassThrough.uasset" 91
"../../../Engine/Content/EngineMaterials/Widget3DPassThrough_Masked.uasset" 92
"../../../Engine/Content/EngineMaterials/Widget3DPassThrough_Opaque.uasset" 93
"../../../Engine/Content/EngineMaterials/Widget3DPassThrough_Masked_OneSided.uasset" 94
"../../../Engine/Content/EngineMaterials/Widget3DPassThrough_Opaque_OneSided.uasset" 95
"../../../Engine/Content/EngineMaterials/Widget3DPassThrough_Translucent.uasset" 96
"../../../Engine/Content/EngineMaterials/Widget3DPassThrough_Translucent_OneSided.uasset" 97
"../../../Engine/Content/EngineMeshes/Cube.uasset" 98
"../../../Engine/Content/EngineMeshes/Cylinder.uasset" 99
"../../../Engine/Content/EngineMeshes/Sphere.uasset" 100
"../../../Engine/Content/EngineResources/DefaultTexture.uasset" 101
"../../../Engine/Content/EngineResources/DefaultTextureCube.uasset" 102
"../../../Engine/Content/EngineResources/GradientTexture0.uasset" 103
"../../../Engine/Content/EngineSounds/Master.uasset" 104
"../../../Engine/Content/Functions/Engine_MaterialFunctions01/Shading/ConvertFromDiffSpec.uasset" 105
"../../../Engine/Content/Functions/Engine_MaterialFunctions01/Shading/PowerToRoughness.uasset" 106
"../../../Engine/Content/Maps/Templates/Thumbnails/Default.uasset" 107
"../../../Engine/Content/Maps/Templates/Thumbnails/VR-Basic.uasset" 108
"../../../Engine/Content/MobileResources/T_MobileControls_texture.uasset" 109
"../../../Engine/Content/MobileResources/T_MobileMenu2.uasset" 110
"../../../Engine/Content/MobileResources/HUD/AnalogHat.uasset" 111
"../../../Engine/Content/MobileResources/HUD/VirtualJoystick_Background.uasset" 112
"../../../Engine/Content/MobileResources/HUD/VirtualJoystick_Thumb.uasset" 113
"../../../Engine/Content/MobileResources/HUD/DefaultVirtualJoysticks.uasset" 114
"../../../Engine/Content/MobileResources/HUD/LeftVirtualJoystickOnly.uasset" 115
"../../../Engine/Content/MobileResources/HUD/MobileHUDButton1_off.uasset" 116
"../../../Engine/Content/MobileResources/HUD/MobileHUDButton1_on.uasset" 117
"../../../Engine/Content/MobileResources/HUD/MobileHUDButton2_off.uasset" 118
"../../../Engine/Content/MobileResources/HUD/MobileHUDButton2_on.uasset" 119
"../../../Engine/Content/MobileResources/HUD/MobileHUDButton3.uasset" 120
"../../../Engine/Content/MobileResources/HUD/MobileHUDButtonFire.uasset" 121
"../../../Engine/Content/MobileResources/HUD/MobileHUDDirectionPad.uasset" 122
"../../../Engine/Content/MobileResources/HUD/MobileHUDDirectionPad2.uasset" 123
"../../../Engine/Content/MobileResources/HUD/MobileHUDDirectionPad3.uasset" 124
"../../../Engine/Content/MobileResources/HUD/MobileHUDDirectionStick.uasset" 125
"../../../Engine/Content/MobileResources/HUD/T_Castle_ThumbstickInner.uasset" 126
"../../../Engine/Content/MobileResources/HUD/T_Castle_ThumbstickOutter.uasset" 127
"../../../Engine/Content/Tutorial/ContentIntroCurve.uasset" 128
"../../../Engine/Content/Tutorial/Basics/TutorialAssets/icon_tab_Levels_40x.uasset" 129
"../../../Engine/Content/Tutorial/BlueprintTutorials/TutorialAssets/BlueprintInterface_64x.uasset" 130
"../../../Engine/Content/Tutorial/BlueprintTutorials/TutorialAssets/BlueprintMacroLibrary_64x.uasset" 131
"../../../Engine/Content/Tutorial/BlueprintTutorials/TutorialAssets/Blueprint_64x.uasset" 132
"../../../Engine/Content/Tutorial/BlueprintTutorials/TutorialAssets/Tutorial_BP_Interface.uasset" 133
"../../../Engine/Content/Tutorial/Foliage/TutorialAssets/Foliage.uasset" 134
"../../../Engine/Content/Tutorial/Landscape/TutorialAssets/Landscape.uasset" 135
"../../../Engine/Content/Tutorial/Paper2D/TutorialAssets/Paper2DFlipbook_TutorialIcon.uasset" 136
"../../../Engine/Content/Tutorial/Paper2D/TutorialAssets/Paper2DSprite_TutorialIcon.uasset" 137
"../../../Engine/Content/Tutorial/SubEditors/TutorialAssets/icon_Editor_Preferences_General_40x.uasset" 138
"../../../Engine/Content/Tutorial/SubEditors/TutorialAssets/icon_ShowSkeletalMeshes_40x.uasset" 139
"../../../Engine/Content/Tutorial/SubEditors/TutorialAssets/TutorialMaterial.uasset" 140
"../../../Engine/Content/Tutorial/SubEditors/TutorialAssets/T_SmokeSubUV_8X8.uasset" 141
"../../../Engine/Content/Tutorial/SubEditors/TutorialAssets/T_soft_smoke.uasset" 142
"../../../Engine/Content/Tutorial/SubEditors/TutorialAssets/M_smoke_subUV_blackbody.uasset" 143
"../../../Engine/Content/Tutorial/SubEditors/TutorialAssets/TutorialParticleSystem.uasset" 144
"../../../Engine/Content/EditorMeshes/EditorCube.uasset" 145
"../../../Engine/Content/Tutorial/SubEditors/TutorialAssets/Tutorial_DM.uasset" 146
"../../../Engine/Content/VREditor/Devices/Generic/GenericHMDMaterial.uasset" 147
"../../../Engine/Content/VREditor/Devices/Generic/GenericHMD.uasset" 148
"../../../Engine/Content/VREditor/FloatingText/LineMaterial.uasset" 149
"../../../Engine/Content/VREditor/FloatingText/JointSphere.uasset" 150
"../../../Engine/Content/VREditor/FloatingText/LineSegmentCylinder.uasset" 151
"../../../Engine/Content/VREditor/Fonts/VRText_RobotoLarge.uasset" 152
"../../../Engine/Content/VREditor/Fonts/VRTextMaterial.uasset" 153
"../../../Engine/Content/VREditor/Fonts/TranslucentVRTextMaterial.uasset" 154
"../../../Engine/Content/VREditor/LaserPointer/VR_LaserPower_01.uasset" 155
"../../../Engine/Content/VREditor/LaserPointer/LaserPointerMaterial.uasset" 156
"../../../Engine/Content/VREditor/LaserPointer/LaserPointerMaterialInst.uasset" 157
"../../../Engine/Content/VREditor/LaserPointer/TranslucentLaserPointerMaterialInst.uasset" 158
"../../../Engine/Content/VREditor/LaserPointer/LaserPointerMesh.uasset" 159
"../../../Engine/Content/VREditor/Sounds/VR_grab_Cue.uasset" 160
"../../../Engine/Content/VREditor/Sounds/VR_teleport_Cue.uasset" 161
"../../../Engine/Content/VREditor/TransformGizmo/TransformGizmoMaterial.uasset" 162
"../../../Engine/Content/VREditor/TransformGizmo/TranslucentTransformGizmoMaterial.uasset" 163
"../../../Engine/Content/VREditor/TransformGizmo/BoundingBoxCorner.uasset" 164
"../../../Engine/Content/VREditor/TransformGizmo/BoundingBoxEdge.uasset" 165
"../../../Engine/Content/VREditor/TransformGizmo/PlaneTranslationHandle.uasset" 166
"../../../Engine/Content/VREditor/TransformGizmo/RotationHandle.uasset" 167
"../../../Engine/Content/VREditor/TransformGizmo/RotationHandleFull.uasset" 168
"../../../Engine/Content/VREditor/TransformGizmo/StretchingHandle.uasset" 169
"../../../Engine/Content/VREditor/TransformGizmo/TranslateHandleLong.uasset" 170
"../../../Engine/Content/VREditor/TransformGizmo/TranslationHandle.uasset" 171
"../../../Engine/Content/VREditor/TransformGizmo/UniformScaleHandle.uasset" 172
"../../../Engine/Content/VREditor/UI/CloseButtonMesh.uasset" 173
"../../../Engine/Content/VREditor/UI/SelectionBarMesh.uasset" 174
"../../../Engine/Content/Functions/Engine_MaterialFunctions01/Gradient/RadialGradient.uasset" 175
"../../../Engine/Content/VREditor/WorldMovementGrid/SimpleGrid.uasset" 176
"../../../Engine/Content/VREditor/WorldMovementGrid/GridMaterial.uasset" 177
"../../../Engine/Content/Functions/Engine_MaterialFunctions01/Density/ExponentialDensity.uasset" 178
"../../../Engine/Content/VREditor/WorldMovementGrid/GridPostProcess.uasset" 179
"../../../Engine/Content/EditorLandscapeResources/FlattenHeightMat.uasset" 180
"../../../Engine/Content/VREditor/WorldMovementGrid/PlaneMesh.uasset" 181
"../../../mutagen/Content/Blueprints/gameStructure/mutagenGameInstance_BP.uasset" 182
"../../../Engine/Plugins/2D/Paper2D/Content/DummySprite.uasset" 183
"../../../Engine/Plugins/2D/Paper2D/Content/DefaultPaperTerrainMaterial.uasset" 184
"../../../Engine/Plugins/2D/Paper2D/Content/DefaultSpriteMaterial.uasset" 185
"../../../Engine/Plugins/2D/Paper2D/Content/MaskedUnlitSpriteMaterial.uasset" 186
"../../../Engine/Plugins/2D/Paper2D/Content/OpaqueUnlitSpriteMaterial.uasset" 187
"../../../Engine/Plugins/2D/Paper2D/Content/PlaceholderTextures/DummySpriteTexture.uasset" 188
"../../../Engine/Content/EditorBlueprintResources/StandardMacros.uasset" 189
"../../../Engine/Content/EngineSky/C_Sky_Cloud_Color.uasset" 190
"../../../Engine/Content/EngineSky/C_Sky_Horizon_Color.uasset" 191
"../../../Engine/Content/EngineSky/C_Sky_Zenith_Color.uasset" 192
"../../../Engine/Content/EngineSky/T_Sky_Blue.uasset" 193
"../../../Engine/Content/EngineSky/T_Sky_Clouds_M.uasset" 194
"../../../Engine/Content/EngineSky/T_Sky_Stars.uasset" 195
"../../../Engine/Content/EngineSky/M_Sky_Panning_Clouds2.uasset" 196
"../../../Engine/Content/EngineSky/SM_SkySphere.uasset" 197
"../../../Engine/Content/EngineSky/BP_Sky_Sphere.uasset" 198
"../../../mutagen/Content/Blueprints/dummyChar.uasset" 199
"../../../mutagen/Content/Blueprints/gameStructure/mutagenGameState_BP.uasset" 200
"../../../mutagen/Content/Blueprints/CharacterSElectCamera.uasset" 201
"../../../mutagen/Content/Fonts/inktank.uasset" 202
"../../../mutagen/Content/Fonts/inktank_Font.uasset" 203
"../../../mutagen/Content/ArtAssets/images/MutagennoHead.uasset" 204
"../../../mutagen/Content/Blueprints/Enums/RequestType.uasset" 205
"../../../mutagen/Content/MinimalistUIPack/Textures/T_Lockpad.uasset" 206
"../../../mutagen/Content/MinimalistUIPack/Textures/T_Person.uasset" 207
"../../../mutagen/Content/MinimalistUIPack/Textures/T_SolidColor.uasset" 208
"../../../mutagen/Content/Blueprints/widgets/mutagenLogin_WB.uasset" 209
"../../../mutagen/Content/Blueprints/gameStructure/mutagenPlayerState_BP.uasset" 210
"../../../mutagen/Content/CharacterModels/ArmourGen/Mesh/Maw_J_Laygo_Skeleton.uasset" 211
"../../../mutagen/Content/CharacterModels/ArmourGen/Animations/warrior_idle.uasset" 212
"../../../mutagen/Content/CharacterModels/ArmourGen/Mesh/maria_specular.uasset" 213
"../../../mutagen/Content/CharacterModels/ArmourGen/Mesh/MAW_diffuse.uasset" 214
"../../../mutagen/Content/CharacterModels/ArmourGen/Mesh/MAW_glow.uasset" 215
"../../../mutagen/Content/CharacterModels/ArmourGen/Mesh/MAW_normal.uasset" 216
"../../../mutagen/Content/CharacterModels/ArmourGen/Mesh/MAW_MAT.uasset" 217
"../../../mutagen/Content/CharacterModels/ArmourGen/Mesh/Maw_J_Laygo_PhysicsAsset.uasset" 218
"../../../mutagen/Content/CharacterModels/ArmourGen/Mesh/Maw_J_Laygo.uasset" 219
"../../../mutagen/Content/CharacterModels/ArmourGen/armourGenCharacterSelect.uasset" 220
"../../../mutagen/Content/CharacterModels/AttackaGen/Mesh/Mutant_Skeleton.uasset" 221
"../../../mutagen/Content/CharacterModels/AttackaGen/Animations/mutant_idle.uasset" 222
"../../../mutagen/Content/CharacterModels/AttackaGen/Mesh/Mutant_diffuse.uasset" 223
"../../../mutagen/Content/CharacterModels/AttackaGen/Mesh/Mutant_normal.uasset" 224
"../../../mutagen/Content/CharacterModels/AttackaGen/Mesh/mutant_M.uasset" 225
"../../../mutagen/Content/CharacterModels/AttackaGen/Mesh/Mutant_PhysicsAsset.uasset" 226
"../../../mutagen/Content/CharacterModels/AttackaGen/Mesh/Mutant.uasset" 227
"../../../mutagen/Content/CharacterModels/AttackaGen/AttackaGenCharacterSelect.uasset" 228
"../../../mutagen/Content/CharacterModels/MagiGen/Mesh/Nightshade_J_Friedrich_Skeleton.uasset" 229
"../../../mutagen/Content/CharacterModels/MagiGen/Animations/idle.uasset" 230
"../../../mutagen/Content/CharacterModels/MagiGen/Mesh/Nightshade_diffuse.uasset" 231
"../../../mutagen/Content/CharacterModels/MagiGen/Mesh/Nightshade_glow.uasset" 232
"../../../mutagen/Content/CharacterModels/MagiGen/Mesh/Nightshade_normal.uasset" 233
"../../../mutagen/Content/CharacterModels/MagiGen/Mesh/Nightshade_specular.uasset" 234
"../../../mutagen/Content/CharacterModels/MagiGen/Mesh/Nightshade_MAT.uasset" 235
"../../../mutagen/Content/CharacterModels/MagiGen/Mesh/Nightshade_J_Friedrich_PhysicsAsset.uasset" 236
"../../../mutagen/Content/CharacterModels/MagiGen/Mesh/Nightshade_J_Friedrich.uasset" 237
"../../../mutagen/Content/CharacterModels/MagiGen/MagiGenCharacterSelect.uasset" 238
"../../../mutagen/Content/CharacterModels/SpeedaGen/Mesh/Vampire_A_Lusth_Skeleton.uasset" 239
"../../../mutagen/Content/CharacterModels/SpeedaGen/Animations/idle.uasset" 240
"../../../mutagen/Content/CharacterModels/SpeedaGen/Mesh/Vampire_diffuse.uasset" 241
"../../../mutagen/Content/CharacterModels/SpeedaGen/Mesh/Vampire_emission.uasset" 242
"../../../mutagen/Content/CharacterModels/SpeedaGen/Mesh/Vampire_normal.uasset" 243
"../../../mutagen/Content/CharacterModels/SpeedaGen/Mesh/Vampire_specular.uasset" 244
"../../../mutagen/Content/CharacterModels/SpeedaGen/Mesh/Vampire_MAT.uasset" 245
"../../../mutagen/Content/CharacterModels/SpeedaGen/Mesh/Vampire_A_Lusth_PhysicsAsset.uasset" 246
"../../../mutagen/Content/CharacterModels/SpeedaGen/Mesh/Vampire_A_Lusth.uasset" 247
"../../../mutagen/Content/CharacterModels/SpeedaGen/SpeedAgenCharSelect.uasset" 248
"../../../mutagen/Content/ArtAssets/images/Screenshot_1.uasset" 249
"../../../mutagen/Content/ArtAssets/images/Screenshot_2.uasset" 250
"../../../mutagen/Content/ArtAssets/images/Screenshot_3.uasset" 251
"../../../mutagen/Content/ArtAssets/images/speedaGen.uasset" 252
"../../../mutagen/Content/Blueprints/Enums/CharacterSelect.uasset" 253
"../../../mutagen/Content/Blueprints/widgets/MainMenu_WB.uasset" 254
"../../../mutagen/Content/InfinityBladeEffects/Effects/FX_Textures/Tile/T_Black_32.uasset" 255
"../../../mutagen/Content/InfinityBladeEffects/Effects/Masters/M_Trans_Sprite_Master.uasset" 256
"../../../mutagen/Content/InfinityBladeEffects/Effects/FX_Textures/Damage/T_Cracks_Impact_01.uasset" 257
"../../../mutagen/Content/InfinityBladeEffects/Effects/FX_Materials/Damage/M_CrackedGround_Impact_01_INST.uasset" 258
"../../../Engine/Content/EngineResources/Black.uasset" 259
"../../../mutagen/Content/InfinityBladeEffects/Effects/Masters/M_Add_Sprite_Master_DepthFade.uasset" 260
"../../../mutagen/Content/InfinityBladeEffects/Effects/FX_Textures/Gradient/T_starFlare_01.uasset" 261
"../../../mutagen/Content/InfinityBladeEffects/Effects/FX_Materials/Gradient/M_Flare_01_INST.uasset" 262
"../../../mutagen/Content/InfinityBladeEffects/Effects/Masters/M_Trans_Sprite_SubUV_Master.uasset" 263
"../../../mutagen/Content/InfinityBladeEffects/Effects/FX_Textures/Lightning/T_Lightning_Arc_4x1.uasset" 264
"../../../mutagen/Content/InfinityBladeEffects/Effects/FX_Materials/Lightning/M_Lightning_Arc_01_Trans_4X1_INST.uasset" 265
"../../../mutagen/Content/InfinityBladeEffects/Effects/Masters/M_Add_Sprite_SubUV_Master.uasset" 266
"../../../mutagen/Content/InfinityBladeEffects/Effects/FX_Textures/Lightning/T_Lightning_Bolt_01.uasset" 267
"../../../mutagen/Content/InfinityBladeEffects/Effects/FX_Materials/Lightning/M_Lightning_Bolt_01_Add_4X1_INST.uasset" 268
"../../../mutagen/Content/InfinityBladeEffects/Effects/Masters/M_Add_Sprite_Master.uasset" 269
"../../../mutagen/Content/InfinityBladeEffects/Effects/FX_Textures/Gradient/T_BlastWave.uasset" 270
"../../../mutagen/Content/InfinityBladeEffects/Effects/FX_Materials/M_Shockwave_01_ADD_INST.uasset" 271
"../../../mutagen/Content/InfinityBladeEffects/Effects/FX_Textures/Smoke/T_SmokeBall_01_8_8.uasset" 272
"../../../mutagen/Content/InfinityBladeEffects/Effects/FX_Materials/Smoke/M_Smoke_01_8X8_INST.uasset" 273
"../../../mutagen/Content/InfinityBladeEffects/Effects/FX_Textures/Spark/T_Sparks_03_SubUV_1_4.uasset" 274
"../../../mutagen/Content/InfinityBladeEffects/Effects/FX_Materials/Spark/M_Spark_03_1_4_INST.uasset" 275
"../../../mutagen/Content/InfinityBladeEffects/Effects/FX_Meshes/Skills/SM_BlastWave.uasset" 276
"../../../mutagen/Content/InfinityBladeEffects/Effects/FX_Skill_TeleCharge/P_Skill_Telecharge_Shock_Impact_03.uasset" 277
"../../../mutagen/Content/Blueprints/gameStructure/mutagenLoginPlayerController_BP.uasset" 278
"../../../mutagen/Content/Blueprints/gameStructure/loginGamemode_BP.uasset" 279
"../../../mutagen/Content/Maps/loginMap_BuiltData.uasset" 280
"../../../mutagen/Content/InfinityBladeGrassLands/Environments/Plains/Env_Plains_Organic/Textures/T_Env_Ice_Ground_Rock_4_N.uasset" 281
"../../../mutagen/Content/InfinityBladeGrassLands/Environments/Plains/Env_Plains_Organic/Textures/T_Env_Snow_D.uasset" 282
"../../../mutagen/Content/InfinityBladeGrassLands/Environments/Plains/Env_Plains_Organic/Textures/T_Ice_Ground_Rock01_N.uasset" 283
"../../../mutagen/Content/InfinityBladeGrassLands/Environments/Plains/Env_Plains_Organic/Textures/T_Snow_Ice_Generic.uasset" 284
"../../../mutagen/Content/InfinityBladeGrassLands/Environments/Plains/Env_Plains_Organic/Textures/T_Snow_Ice_Generic_NRM.uasset" 285
"../../../mutagen/Content/InfinityBladeGrassLands/Environments/Plains/Env_Plains_Organic/Materials/M_Plains_Ocean.uasset" 286
"../../../mutagen/Content/InfinityBladeGrassLands/Environments/Plains/Env_Plains_Terrain/Textures/T_Dirt_D.uasset" 287
"../../../mutagen/Content/InfinityBladeGrassLands/Environments/Plains/Env_Plains_Terrain/Textures/T_Dirt_N.uasset" 288
"../../../mutagen/Content/InfinityBladeGrassLands/Environments/Plains/Env_Plains_Terrain/Textures/T_Grass01_D.uasset" 289
"../../../mutagen/Content/InfinityBladeGrassLands/Environments/Plains/Env_Plains_Terrain/Textures/T_Grass01_N.uasset" 290
"../../../mutagen/Content/InfinityBladeGrassLands/Environments/Plains/Env_Plains_Terrain/Textures/T_Grass02_D.uasset" 291
"../../../mutagen/Content/InfinityBladeGrassLands/Environments/SurfaceTypes/PhysicalMaterial_Land.uasset" 292
"../../../mutagen/Content/InfinityBladeGrassLands/Environments/Plains/Env_Plains_Terrain/Materials/M_Terrain_Blend_Mobile.uasset" 293
"../../../mutagen/Content/InfinityBladeGrassLands/Effects/FX_Materials/M_PostSharpen.uasset" 294
"../../../mutagen/Content/InfinityBladeGrassLands/Effects/FX_Materials/M_PostSharpen_Inst.uasset" 295
"../../../mutagen/Content/InfinityBladeGrassLands/Environments/Plains/Env_Plains_Floors/Textures/T_Plains_Terrain_Floors01_D.uasset" 296
"../../../mutagen/Content/InfinityBladeGrassLands/Environments/Plains/Env_Plains_Floors/Textures/T_Plains_Terrain_Floors01_N.uasset" 297
"../../../mutagen/Content/InfinityBladeGrassLands/Environments/SurfaceTypes/PhysicalMaterial_Stone.uasset" 298
"../../../mutagen/Content/InfinityBladeGrassLands/Environments/Plains/Env_Plains_Floors/Materials/M_Plains_Floors_Block.uasset" 299
"../../../mutagen/Content/InfinityBladeGrassLands/Environments/Plains/Env_Plains_Floors/Materials/M_Plains_Floors_Block_Inst.uasset" 300
"../../../mutagen/Content/InfinityBladeGrassLands/Environments/Plains/Env_Plains_Floors/Textures/T_Plains_FloorsTrim_D.uasset" 301
"../../../mutagen/Content/InfinityBladeGrassLands/Environments/Plains/Env_Plains_Floors/Textures/T_Plains_FloorsTrim_N.uasset" 302
"../../../mutagen/Content/InfinityBladeGrassLands/Environments/Plains/Env_Plains_Floors/Materials/M_Plains_FloorTrims.uasset" 303
"../../../mutagen/Content/InfinityBladeGrassLands/Environments/Plains/Env_Plains_Floors/Materials/M_Plains_FloorTrims_Inst.uasset" 304
"../../../mutagen/Content/InfinityBladeGrassLands/Environments/Plains/Env_Plains_Ruins/Textures/T_Plains_Ruins_Pillars_02_D.uasset" 305
"../../../mutagen/Content/InfinityBladeGrassLands/Environments/Plains/Env_Plains_Ruins/Textures/T_Plains_Ruins_Pillars_02_N.uasset" 306
"../../../mutagen/Content/InfinityBladeGrassLands/Environments/Plains/Env_Plains_Ruins/Materials/M_Plains_Pillars02.uasset" 307
"../../../mutagen/Content/InfinityBladeGrassLands/Environments/Plains/Env_Plains_Ruins/Materials/M_Plains_Pillars02_Inst.uasset" 308
"../../../mutagen/Content/InfinityBladeGrassLands/Environments/Plains/Env_Plains_Ruins/Textures/T_Plains_Ruins_Pillars_03_D.uasset" 309
"../../../mutagen/Content/InfinityBladeGrassLands/Environments/Plains/Env_Plains_Ruins/Textures/T_Plains_Ruins_Pillars_03_N.uasset" 310
"../../../mutagen/Content/InfinityBladeGrassLands/Environments/Plains/Env_Plains_Ruins/Materials/M_Plains_Pillars03.uasset" 311
"../../../mutagen/Content/InfinityBladeGrassLands/Environments/Plains/Env_Plains_Ruins/Materials/M_Plains_Pillars03_Inst.uasset" 312
"../../../mutagen/Content/InfinityBladeGrassLands/Environments/Plains/Env_Plains_Ruins/Textures/T_Plains_Ruins_Pillars_D.uasset" 313
"../../../mutagen/Content/InfinityBladeGrassLands/Environments/Plains/Env_Plains_Ruins/Textures/T_Plains_Ruins_Pillars_M.uasset" 314
"../../../mutagen/Content/InfinityBladeGrassLands/Environments/Plains/Env_Plains_Ruins/Textures/T_Plains_Ruins_Pillars_N.uasset" 315
"../../../mutagen/Content/InfinityBladeGrassLands/Environments/Plains/Env_Plains_Ruins/Materials/M_Plains_Pillars.uasset" 316
"../../../mutagen/Content/InfinityBladeGrassLands/Environments/Plains/Env_Plains_Ruins/Materials/M_Plains_Pillars_Inst.uasset" 317
"../../../mutagen/Content/InfinityBladeGrassLands/Environments/Plains/Env_Plains_Ruins/Textures/T_Plains_ExtCastle_StoneWall_01_D.uasset" 318
"../../../mutagen/Content/InfinityBladeGrassLands/Environments/Plains/Env_Plains_Ruins/Textures/T_Plains_ExtCastle_StoneWall_01_N.uasset" 319
"../../../mutagen/Content/InfinityBladeGrassLands/Environments/Plains/Env_Plains_Ruins/Materials/M_Plains_StoneWall.uasset" 320
"../../../mutagen/Content/InfinityBladeGrassLands/Environments/Plains/Env_Plains_Ruins/Materials/M_Plains_StoneWall_Inst.uasset" 321
"../../../mutagen/Content/InfinityBladeGrassLands/Environments/Plains/Env_Plains_Statues/Textures/T_Plains_Angel_Statue_D.uasset" 322
"../../../mutagen/Content/InfinityBladeGrassLands/Environments/Plains/Env_Plains_Statues/Textures/T_Plains_Angel_Statue_N.uasset" 323
"../../../mutagen/Content/InfinityBladeGrassLands/Environments/Plains/Env_Plains_Statues/Materials/M_Plains_Angel_Statue.uasset" 324
"../../../mutagen/Content/InfinityBladeGrassLands/Environments/Plains/Env_Plains_Statues/Materials/M_Plains_Angel_Statue_Inst.uasset" 325
"../../../mutagen/Content/InfinityBladeGrassLands/Environments/Plains/Env_Plains_Statues/Textures/T_Plains_Man_Statue_D.uasset" 326
"../../../mutagen/Content/InfinityBladeGrassLands/Environments/Plains/Env_Plains_Statues/Textures/T_Plains_Man_Statue_N.uasset" 327
"../../../mutagen/Content/InfinityBladeGrassLands/Environments/Plains/Env_Plains_Statues/Materials/M_Plains_Man_Statue.uasset" 328
"../../../mutagen/Content/InfinityBladeGrassLands/Environments/Plains/Env_Plains_Statues/Materials/M_Plains_Man_Statue_Inst.uasset" 329
"../../../Engine/Content/MapTemplates/lut/LUT_Morning.uasset" 330
"../../../Engine/Content/MapTemplates/T_ScreenDirt02_w.uasset" 331
"../../../mutagen/Content/InfinityBladeGrassLands/Environments/Breakables/Textures/T_Env_Breakables_Breakables_D.uasset" 332
"../../../mutagen/Content/InfinityBladeGrassLands/Environments/Breakables/Textures/T_Env_Breakables_Breakables_N.uasset" 333
"../../../mutagen/Content/InfinityBladeGrassLands/Environments/Breakables/Textures/T_Env_Breakables_Breakables_R.uasset" 334
"../../../mutagen/Content/InfinityBladeGrassLands/Environments/Breakables/Textures/T_Env_Breakables_BreakablesSnow_M.uasset" 335
"../../../mutagen/Content/InfinityBladeGrassLands/Environments/Breakables/Materials/M_Breakables_Barrels.uasset" 336
"../../../mutagen/Content/InfinityBladeGrassLands/Environments/Breakables/StaticMesh/Box/SM_Env_Breakables_Box1.uasset" 337
"../../../mutagen/Content/InfinityBladeGrassLands/Environments/Breakables/StaticMesh/Box/SM_Env_Breakables_Box1_destroyed.uasset" 338
"../../../mutagen/Content/InfinityBladeGrassLands/Environments/Breakables/StaticMesh/Box/SM_Env_Breakables_Boxes.uasset" 339
"../../../mutagen/Content/InfinityBladeGrassLands/Environments/Breakables/StaticMesh/Box/SM_Env_Breakables_BoxesBITS.uasset" 340
"../../../mutagen/Content/InfinityBladeGrassLands/Environments/Breakables/StaticMesh/Objects/SM_Env_Breakables_GroupLg.uasset" 341
"../../../Engine/Content/Functions/Engine_MaterialFunctions01/WorldPositionOffset/SimpleGrassWind.uasset" 342
"../../../mutagen/Content/InfinityBladeGrassLands/Environments/Earth/EX_EnvAssets/Textures/T_Env_Ice_Deco2_Flag_D.uasset" 343
"../../../mutagen/Content/InfinityBladeGrassLands/Environments/Earth/EX_EnvAssets/Materials/M_Env_Ice_Deco2_Flags.uasset" 344
"../../../mutagen/Content/InfinityBladeGrassLands/Environments/Earth/EX_EnvAssets/Meshes/SK_Env_Ice_Deco2_BlowingFlag_Skeleton.uasset" 345
"../../../mutagen/Content/InfinityBladeGrassLands/Environments/Earth/EX_EnvAssets/Meshes/SK_Env_Ice_Deco2_BlowingFlag.uasset" 346
"../../../mutagen/Content/InfinityBladeGrassLands/Environments/Earth/EX_EnvAssets/Meshes/SK_Env_Ice_Deco2_BlowingFlag3.uasset" 347
"../../../mutagen/Content/InfinityBladeGrassLands/Environments/Earth/Textures/T_Cherry_Tree_Flowers_D.uasset" 348
"../../../mutagen/Content/InfinityBladeGrassLands/Environments/Earth/Textures/T_Cherry_Tree_Flowers_N.uasset" 349
"../../../mutagen/Content/InfinityBladeGrassLands/Environments/Earth/Materials/M_Cherry_Tree.uasset" 350
"../../../mutagen/Content/InfinityBladeGrassLands/Environments/Earth/Textures/T_TreeBase1_D.uasset" 351
"../../../mutagen/Content/InfinityBladeGrassLands/Environments/Earth/Textures/T_TreeBase1_N.uasset" 352
"../../../mutagen/Content/InfinityBladeGrassLands/Environments/Earth/Materials/M_TreeBark.uasset" 353
"../../../mutagen/Content/InfinityBladeGrassLands/Environments/Earth/StaticMesh/SM_Cherry_Tree.uasset" 354
"../../../mutagen/Content/InfinityBladeGrassLands/Environments/Earth/Textures/T_GroundCover_Leaf01_D.uasset" 355
"../../../mutagen/Content/InfinityBladeGrassLands/Environments/Earth/Textures/T_GroundCover_Leaf01_N.uasset" 356
"../../../mutagen/Content/InfinityBladeGrassLands/Environments/Earth/Materials/M_GroundCover_LEafy.uasset" 357
"../../../mutagen/Content/InfinityBladeGrassLands/Environments/Earth/StaticMesh/SM_GroundCover_Leafy01.uasset" 358
"../../../mutagen/Content/InfinityBladeGrassLands/Environments/Earth/StaticMesh/SM_GroundCover_Leafy03.uasset" 359
"../../../mutagen/Content/InfinityBladeGrassLands/Environments/Earth/Textures/T_BranchTrunk_D.uasset" 360
"../../../mutagen/Content/InfinityBladeGrassLands/Environments/Earth/Materials/M_LeavesPile.uasset" 361
"../../../mutagen/Content/InfinityBladeGrassLands/Environments/Earth/StaticMesh/SM_LeavePiles_01.uasset" 362
"../../../mutagen/Content/InfinityBladeGrassLands/Environments/Earth/StaticMesh/SM_LeavePiles_02.uasset" 363
"../../../mutagen/Content/InfinityBladeGrassLands/Environments/Earth/StaticMesh/SM_Rootcluster_A.uasset" 364
"../../../mutagen/Content/InfinityBladeGrassLands/Environments/Earth/Textures/T_Plants_D.uasset" 365
"../../../mutagen/Content/InfinityBladeGrassLands/Environments/Earth/Textures/T_Plants_N.uasset" 366
"../../../mutagen/Content/InfinityBladeGrassLands/Environments/Earth/Materials/M_Exo_Generic_Plants.uasset" 367
"../../../mutagen/Content/InfinityBladeGrassLands/Environments/Earth/StaticMesh/SM_SmallTree02.uasset" 368
"../../../mutagen/Content/InfinityBladeGrassLands/Environments/Misc/Exo_Deco01/Textures/T_Exo_Cart_D.uasset" 369
"../../../mutagen/Content/InfinityBladeGrassLands/Environments/Misc/Exo_Deco01/Textures/T_Exo_Cart_N.uasset" 370
"../../../mutagen/Content/InfinityBladeGrassLands/Environments/Misc/Exo_Deco01/Materials/M_Exo_Cart.uasset" 371
"../../../mutagen/Content/InfinityBladeGrassLands/Environments/Misc/Exo_Deco01/StaticMesh/SM_Exo_Cart_Damaged.uasset" 372
"../../../mutagen/Content/InfinityBladeGrassLands/Environments/Misc/Exo_Deco01/Textures/T_Exo_Crate_Open_D.uasset" 373
"../../../mutagen/Content/InfinityBladeGrassLands/Environments/Misc/Exo_Deco01/Textures/T_Exo_Crate_Open_N.uasset" 374
"../../../mutagen/Content/InfinityBladeGrassLands/Environments/Misc/Exo_Deco01/Materials/M_Exo_Crate_Open.uasset" 375
"../../../mutagen/Content/InfinityBladeGrassLands/Environments/Misc/Exo_Deco01/StaticMesh/SM_Exo_Crate_Open_Damaged.uasset" 376
"../../../mutagen/Content/InfinityBladeGrassLands/Environments/Misc/Exo_Deco01/StaticMesh/SM_Exo_Crate_Open_Destroyed.uasset" 377
"../../../mutagen/Content/InfinityBladeGrassLands/Environments/Misc/Exo_Deco01/StaticMesh/SM_Exo_Crate_Open_Intact.uasset" 378
"../../../mutagen/Content/InfinityBladeGrassLands/Environments/Misc/Exo_Deco01/Textures/T_Snowy_Pine_Low.uasset" 379
"../../../mutagen/Content/InfinityBladeGrassLands/Environments/Misc/Exo_Deco01/Textures/T_Snowy_Pine_Low_N.uasset" 380
"../../../mutagen/Content/InfinityBladeGrassLands/Environments/Misc/Exo_Deco01/Materials/M_Pine_Low.uasset" 381
"../../../mutagen/Content/InfinityBladeGrassLands/Environments/Misc/Exo_Deco01/StaticMesh/SM_Pine_Low_Cluster.uasset" 382
"../../../mutagen/Content/InfinityBladeGrassLands/Environments/Misc/Exo_Deco01/Textures/T_WoodenBarrel_01_D.uasset" 383
"../../../mutagen/Content/InfinityBladeGrassLands/Environments/Misc/Exo_Deco01/Textures/T_WoodenBarrel_01_N.uasset" 384
"../../../mutagen/Content/InfinityBladeGrassLands/Environments/Misc/Exo_Deco01/Materials/M_WoodenBarrel_01.uasset" 385
"../../../mutagen/Content/InfinityBladeGrassLands/Environments/Misc/Exo_Deco01/StaticMesh/SM_WoodenBarrel_Damaged.uasset" 386
"../../../mutagen/Content/InfinityBladeGrassLands/Environments/Misc/Exo_Deco01/StaticMesh/SM_WoodenBarrel_Destroyed.uasset" 387
"../../../mutagen/Content/InfinityBladeGrassLands/Environments/Misc/Exo_Deco01/StaticMesh/SM_WoodenBarrel_Intact.uasset" 388
"../../../mutagen/Content/InfinityBladeGrassLands/Environments/Misc/Exo_Deco02/Textures/T_Decos_Door_D.uasset" 389
"../../../mutagen/Content/InfinityBladeGrassLands/Environments/Misc/Exo_Deco02/Textures/T_Decos_Door_M.uasset" 390
"../../../mutagen/Content/InfinityBladeGrassLands/Environments/Misc/Exo_Deco02/Textures/T_Decos_Door_N.uasset" 391
"../../../mutagen/Content/InfinityBladeGrassLands/Environments/Misc/Exo_Deco02/Materials/M_Decos_Door.uasset" 392
"../../../mutagen/Content/InfinityBladeGrassLands/Environments/Misc/Exo_Deco02/StaticMesh/SM_Exo_Decos_Door02.uasset" 393
"../../../mutagen/Content/InfinityBladeGrassLands/Environments/Misc/Exo_Deco02/StaticMesh/SM_Exo_Decos_Door04.uasset" 394
"../../../mutagen/Content/InfinityBladeGrassLands/Environments/Misc/Exo_Deco02/Textures/T_Decos_Door_Frame_D.uasset" 395
"../../../mutagen/Content/InfinityBladeGrassLands/Environments/Misc/Exo_Deco02/Textures/T_Decos_Door_Frame_D_NRM.uasset" 396
"../../../mutagen/Content/InfinityBladeGrassLands/Environments/Misc/Exo_Deco02/Materials/M_Decos_Door_Frame.uasset" 397
"../../../mutagen/Content/InfinityBladeGrassLands/Environments/Misc/Exo_Deco02/StaticMesh/SM_Exo_Decos_Door_Frame02.uasset" 398
"../../../mutagen/Content/InfinityBladeGrassLands/Environments/Misc/Exo_Deco02/Textures/T_Pew_D.uasset" 399
"../../../mutagen/Content/InfinityBladeGrassLands/Environments/Misc/Exo_Deco02/Textures/T_Pew_N.uasset" 400
"../../../mutagen/Content/InfinityBladeGrassLands/Environments/Misc/Exo_Deco02/Materials/M_Pew.uasset" 401
"../../../mutagen/Content/InfinityBladeGrassLands/Environments/Misc/Exo_Deco02/StaticMesh/SM_Exo_Pew.uasset" 402
"../../../mutagen/Content/InfinityBladeGrassLands/Environments/Misc/Exo_Deco02/Textures/T_HardWood_Floor_D.uasset" 403
"../../../mutagen/Content/InfinityBladeGrassLands/Environments/Misc/Exo_Deco02/Textures/T_HardWood_Floor_D_NRM.uasset" 404
"../../../mutagen/Content/InfinityBladeGrassLands/Environments/Misc/Exo_Deco02/Materials/M_HardWood_Floor.uasset" 405
"../../../mutagen/Content/InfinityBladeGrassLands/Environments/Misc/Exo_Deco02/StaticMesh/SM_Exo_ShantyBeams_Single_01.uasset" 406
"../../../mutagen/Content/InfinityBladeGrassLands/Environments/Plains/Env_Plains_Background/Textures/T_Env_Plains_Mountain01_D.uasset" 407
"../../../mutagen/Content/InfinityBladeGrassLands/Environments/Plains/Env_Plains_Background/Textures/T_Env_Plains_Mountain01_N.uasset" 408
"../../../mutagen/Content/InfinityBladeGrassLands/Environments/Plains/Env_Plains_Background/Materials/M_Env_Plains_Mountain01.uasset" 409
"../../../mutagen/Content/InfinityBladeGrassLands/Environments/Plains/Env_Plains_Background/StaticMesh/SM_Env_Plains_Mountain_01.uasset" 410
"../../../mutagen/Content/InfinityBladeGrassLands/Environments/Plains/Env_Plains_Floors/StaticMesh/SM_Env_Plains_Floors_Rubble05.uasset" 411
"../../../mutagen/Content/InfinityBladeGrassLands/Environments/Plains/Env_Plains_Floors/StaticMesh/SM_Plains_Floors_Block01.uasset" 412
"../../../mutagen/Content/InfinityBladeGrassLands/Environments/Plains/Env_Plains_Floors/StaticMesh/SM_Plains_Floors_Block02.uasset" 413
"../../../mutagen/Content/InfinityBladeGrassLands/Environments/Plains/Env_Plains_Floors/StaticMesh/SM_Plains_Floors_Block02_Broken.uasset" 414
"../../../mutagen/Content/InfinityBladeGrassLands/Environments/Plains/Env_Plains_Floors/StaticMesh/SM_Plains_Floors_Block03.uasset" 415
"../../../mutagen/Content/InfinityBladeGrassLands/Environments/Plains/Env_Plains_Floors/StaticMesh/SM_Plains_Floors_Block04.uasset" 416
"../../../mutagen/Content/InfinityBladeGrassLands/Environments/Plains/Env_Plains_Floors/StaticMesh/SM_Plains_Floors_Brick01.uasset" 417
"../../../mutagen/Content/InfinityBladeGrassLands/Environments/Plains/Env_Plains_Floors/StaticMesh/SM_Plains_Floors_Flat01.uasset" 418
"../../../mutagen/Content/InfinityBladeGrassLands/Environments/Plains/Env_Plains_Floors/StaticMesh/SM_Plains_Floors_Flat02.uasset" 419
"../../../mutagen/Content/InfinityBladeGrassLands/Environments/Plains/Env_Plains_Floors/StaticMesh/SM_Plains_Floors_Rubble.uasset" 420
"../../../mutagen/Content/InfinityBladeGrassLands/Environments/Plains/Env_Plains_Floors/StaticMesh/SM_Plains_Floors_Rubble02.uasset" 421
"../../../mutagen/Content/InfinityBladeGrassLands/Environments/Plains/Env_Plains_Floors/StaticMesh/SM_Plains_Floors_Rubble03.uasset" 422
"../../../mutagen/Content/InfinityBladeGrassLands/Environments/Plains/Env_Plains_Floors/StaticMesh/SM_Plains_Floors_Rubble04.uasset" 423
"../../../mutagen/Content/InfinityBladeGrassLands/Environments/Plains/Env_Plains_Floors/StaticMesh/SM_Plains_Floors_Rubble05.uasset" 424
"../../../mutagen/Content/InfinityBladeGrassLands/Environments/Plains/Env_Plains_Floors/StaticMesh/SM_Plains_Floors_TrimBlock01.uasset" 425
"../../../mutagen/Content/InfinityBladeGrassLands/Environments/Plains/Env_Plains_Floors/StaticMesh/SM_Plains_Floors_TrimDesign03.uasset" 426
"../../../mutagen/Content/InfinityBladeGrassLands/Environments/Plains/Env_Plains_Floors/StaticMesh/SM_Plains_Floors_TrimDesignRubble01.uasset" 427
"../../../mutagen/Content/InfinityBladeGrassLands/Environments/Plains/Env_Plains_Floors/Textures/T_Plains_FloorsBeams_D.uasset" 428
"../../../mutagen/Content/InfinityBladeGrassLands/Environments/Plains/Env_Plains_Floors/Textures/T_Plains_FloorsBeams_N.uasset" 429
"../../../mutagen/Content/InfinityBladeGrassLands/Environments/Plains/Env_Plains_Floors/Materials/M_PLains_Scrap_Bridge.uasset" 430
"../../../mutagen/Content/InfinityBladeGrassLands/Environments/Plains/Env_Plains_Floors/StaticMesh/SM_Plains_Scrap_Bridge01.uasset" 431
"../../../mutagen/Content/InfinityBladeGrassLands/Environments/Plains/Env_Plains_Floors/StaticMesh/SM_Plains_Scrap_Bridge02.uasset" 432
"../../../mutagen/Content/InfinityBladeGrassLands/Environments/Plains/Env_Plains_Floors/StaticMesh/SM_Plains_Scrap_BridgeRail03.uasset" 433
"../../../mutagen/Content/InfinityBladeGrassLands/Environments/Plains/Env_Plains_Floors/StaticMesh/SM_Plains_Scrap_BridgeRail04.uasset" 434
"../../../mutagen/Content/InfinityBladeGrassLands/Environments/Plains/Env_Plains_Flora/Textures/T_Plains_Fern01_D.uasset" 435
"../../../mutagen/Content/InfinityBladeGrassLands/Environments/Plains/Env_Plains_Flora/Textures/T_Plains_Fern01_N.uasset" 436
"../../../mutagen/Content/InfinityBladeGrassLands/Environments/Plains/Env_Plains_Flora/Materials/M_PLains_Fern01.uasset" 437
"../../../mutagen/Content/InfinityBladeGrassLands/Environments/Plains/Env_Plains_Flora/StaticMesh/SM_Plains_Fern01.uasset" 438
"../../../mutagen/Content/InfinityBladeGrassLands/Environments/Plains/Env_Plains_Flora/StaticMesh/SM_Plains_Fern02.uasset" 439
"../../../mutagen/Content/InfinityBladeGrassLands/Environments/Plains/Env_Plains_Flora/StaticMesh/SM_Plains_Fern03.uasset" 440
"../../../mutagen/Content/InfinityBladeGrassLands/Environments/Plains/Env_Plains_Flora/StaticMesh/SM_Plains_Fern04.uasset" 441
"../../../mutagen/Content/InfinityBladeGrassLands/Environments/Plains/Env_Plains_Flora/StaticMesh/SM_Plains_Flowers01.uasset" 442
"../../../mutagen/Content/InfinityBladeGrassLands/Environments/Plains/Env_Plains_Flora/StaticMesh/SM_Plains_Flowers03.uasset" 443
"../../../mutagen/Content/InfinityBladeGrassLands/Environments/Plains/Env_Plains_Flora/StaticMesh/SM_Plains_Grass01.uasset" 444
"../../../mutagen/Content/InfinityBladeGrassLands/Environments/Plains/Env_Plains_Flora/Textures/T_Plains_Tree01_D.uasset" 445
"../../../mutagen/Content/InfinityBladeGrassLands/Environments/Plains/Env_Plains_Flora/Textures/T_Plains_Tree01_N.uasset" 446
"../../../mutagen/Content/InfinityBladeGrassLands/Environments/Plains/Env_Plains_Flora/Materials/M_Plains_Tree_Stump01.uasset" 447
"../../../mutagen/Content/InfinityBladeGrassLands/Environments/Plains/Env_Plains_Flora/StaticMesh/SM_Plains_Tree01.uasset" 448
"../../../mutagen/Content/InfinityBladeGrassLands/Environments/Plains/Env_Plains_Flora/StaticMesh/SM_Plains_Tree_Branch01.uasset" 449
"../../../mutagen/Content/InfinityBladeGrassLands/Environments/Plains/Env_Plains_Flora/StaticMesh/SM_Plains_Tree_Branch02.uasset" 450
"../../../mutagen/Content/InfinityBladeGrassLands/Environments/Plains/Env_Plains_Flora/StaticMesh/SM_Plains_Tree_Stump01.uasset" 451
"../../../mutagen/Content/InfinityBladeGrassLands/Environments/Plains/Env_Plains_Flora/StaticMesh/SM_Plains_Vine02.uasset" 452
"../../../mutagen/Content/InfinityBladeGrassLands/Environments/Plains/Env_Plains_Organic/Textures/T_Plains_Rock01_D.uasset" 453
"../../../mutagen/Content/InfinityBladeGrassLands/Environments/Plains/Env_Plains_Organic/Textures/T_Plains_Rock01_N.uasset" 454
"../../../mutagen/Content/InfinityBladeGrassLands/Environments/Plains/Env_Plains_Organic/Materials/M_Plains_LargeRock.uasset" 455
"../../../mutagen/Content/InfinityBladeGrassLands/Environments/Plains/Env_Plains_Organic/StaticMesh/SM_Plains_LargeRock01.uasset" 456
"../../../mutagen/Content/InfinityBladeGrassLands/Environments/Plains/Env_Plains_Organic/StaticMesh/SM_Plains_LargeRock02.uasset" 457
"../../../mutagen/Content/InfinityBladeGrassLands/Environments/Plains/Env_Plains_Organic/StaticMesh/SM_Plains_LargeRock03.uasset" 458
"../../../mutagen/Content/InfinityBladeGrassLands/Environments/Plains/Env_Plains_Organic/StaticMesh/SM_Plains_LargeRock_Pile01.uasset" 459
"../../../mutagen/Content/InfinityBladeGrassLands/Environments/Plains/Env_Plains_Organic/StaticMesh/SM_Plains_LargeRock_SpireLOD.uasset" 460
"../../../mutagen/Content/InfinityBladeGrassLands/Environments/Plains/Env_Plains_Organic/StaticMesh/SM_Plains_LargeRock_SpireLOD2.uasset" 461
"../../../mutagen/Content/InfinityBladeGrassLands/Environments/Plains/Env_Plains_Organic/Textures/T_Plains_Ground01_D.uasset" 462
"../../../mutagen/Content/InfinityBladeGrassLands/Environments/Plains/Env_Plains_Organic/Textures/T_Plains_Ground01_N.uasset" 463
"../../../mutagen/Content/InfinityBladeGrassLands/Environments/Plains/Env_Plains_Organic/Materials/M_Plains_GroundBrick.uasset" 464
"../../../mutagen/Content/InfinityBladeGrassLands/Environments/Plains/Env_Plains_Organic/StaticMesh/SM_Plains_LargeRock_SpireLOD4.uasset" 465
"../../../mutagen/Content/InfinityBladeGrassLands/Environments/Plains/Env_Plains_Organic/Textures/T_Plains_Cliff001.uasset" 466
"../../../mutagen/Content/InfinityBladeGrassLands/Environments/Plains/Env_Plains_Organic/Textures/T_Plains_Cliff01.uasset" 467
"../../../mutagen/Content/InfinityBladeGrassLands/Environments/Plains/Env_Plains_Organic/Materials/M_Plains_Cliff1.uasset" 468
"../../../mutagen/Content/InfinityBladeGrassLands/Environments/Plains/Env_Plains_Organic/StaticMesh/SM_Plains_LargeRock_SpireLOD5.uasset" 469
"../../../mutagen/Content/InfinityBladeGrassLands/Environments/Plains/Env_Plains_Organic/Textures/T_Plains_Rock02_D.uasset" 470
"../../../mutagen/Content/InfinityBladeGrassLands/Environments/Plains/Env_Plains_Organic/Textures/T_Plains_Rock02_N.uasset" 471
"../../../mutagen/Content/InfinityBladeGrassLands/Environments/Plains/Env_Plains_Organic/Materials/M_Plains_SmallRock.uasset" 472
"../../../mutagen/Content/InfinityBladeGrassLands/Environments/Plains/Env_Plains_Organic/StaticMesh/SM_Plains_SmallRock01.uasset" 473
"../../../mutagen/Content/InfinityBladeGrassLands/Environments/Plains/Env_Plains_Organic/StaticMesh/SM_WaterPlain.uasset" 474
"../../../mutagen/Content/InfinityBladeGrassLands/Environments/Plains/Env_Plains_Ruins/StaticMesh/SM_Plains_Buttress_01.uasset" 475
"../../../mutagen/Content/InfinityBladeGrassLands/Environments/Plains/Env_Plains_Ruins/StaticMesh/SM_Plains_Buttress_02.uasset" 476
"../../../mutagen/Content/InfinityBladeGrassLands/Environments/Plains/Env_Plains_Ruins/StaticMesh/SM_Plains_Castle_Bridge_Wall_01.uasset" 477
"../../../mutagen/Content/InfinityBladeGrassLands/Environments/Plains/Env_Plains_Ruins/StaticMesh/SM_Plains_Castle_Circle_Railing_01.uasset" 478
"../../../mutagen/Content/InfinityBladeGrassLands/Environments/Plains/Env_Plains_Ruins/StaticMesh/SM_Plains_Castle_Fountain_01.uasset" 479
"../../../mutagen/Content/InfinityBladeGrassLands/Environments/Plains/Env_Plains_Ruins/StaticMesh/SM_Plains_Castle_Railing_Curved.uasset" 480
"../../../mutagen/Content/InfinityBladeGrassLands/Environments/Plains/Env_Plains_Ruins/StaticMesh/SM_Plains_Castle_Railing_Curved_45.uasset" 481
"../../../mutagen/Content/InfinityBladeGrassLands/Environments/Plains/Env_Plains_Ruins/StaticMesh/SM_Plains_Castle_Stairs_01.uasset" 482
"../../../mutagen/Content/InfinityBladeGrassLands/Environments/Plains/Env_Plains_Ruins/StaticMesh/SM_Plains_CastleArch_01.uasset" 483
"../../../mutagen/Content/InfinityBladeGrassLands/Environments/Plains/Env_Plains_Ruins/StaticMesh/SM_Plains_CastleArch_02.uasset" 484
"../../../mutagen/Content/InfinityBladeGrassLands/Environments/Plains/Env_Plains_Ruins/StaticMesh/SM_Plains_CastleArch_03.uasset" 485
"../../../mutagen/Content/InfinityBladeGrassLands/Environments/Plains/Env_Plains_Ruins/Textures/T_Plains_Castle_Wroughtlron_D.uasset" 486
"../../../mutagen/Content/InfinityBladeGrassLands/Environments/Plains/Env_Plains_Ruins/Textures/T_Plains_Castle_Wroughtlron_N.uasset" 487
"../../../mutagen/Content/InfinityBladeGrassLands/Environments/Plains/Env_Plains_Ruins/Materials/M_PLains_Castle_WroughtIron.uasset" 488
"../../../mutagen/Content/InfinityBladeGrassLands/Environments/Plains/Env_Plains_Ruins/StaticMesh/SM_Plains_CastleArch_Iron_Gate_01.uasset" 489
"../../../mutagen/Content/InfinityBladeGrassLands/Environments/Plains/Env_Plains_Ruins/StaticMesh/SM_Plains_CastleArch_Iron_Gate_01_Broken.uasset" 490
"../../../mutagen/Content/InfinityBladeGrassLands/Environments/Plains/Env_Plains_Ruins/StaticMesh/SM_Plains_CastleArch_Iron_Gate_02_Broken.uasset" 491
"../../../mutagen/Content/InfinityBladeGrassLands/Environments/Plains/Env_Plains_Ruins/StaticMesh/SM_Plains_CastleArch_Ruin_01.uasset" 492
"../../../mutagen/Content/InfinityBladeGrassLands/Environments/Plains/Env_Plains_Ruins/StaticMesh/SM_Plains_CastleArch_Ruin_03.uasset" 493
"../../../mutagen/Content/InfinityBladeGrassLands/Environments/Plains/Env_Plains_Ruins/StaticMesh/SM_Plains_CastleDoorArch_01.uasset" 494
"../../../mutagen/Content/InfinityBladeGrassLands/Environments/Plains/Env_Plains_Ruins/StaticMesh/SM_Plains_CastleTower_01.uasset" 495
"../../../mutagen/Content/InfinityBladeGrassLands/Environments/Plains/Env_Plains_Ruins/StaticMesh/SM_Plains_CastleTower_Ruin_01.uasset" 496
"../../../mutagen/Content/InfinityBladeGrassLands/Environments/Plains/Env_Plains_Ruins/StaticMesh/SM_Plains_CastleTower_Ruin_02.uasset" 497
"../../../mutagen/Content/InfinityBladeGrassLands/Environments/Plains/Env_Plains_Ruins/StaticMesh/SM_Plains_CastleWall_Curved_Ruin_01.uasset" 498
"../../../mutagen/Content/InfinityBladeGrassLands/Environments/Plains/Env_Plains_Ruins/StaticMesh/SM_Plains_CastleWall_Ruin_01.uasset" 499
"../../../mutagen/Content/InfinityBladeGrassLands/Environments/Plains/Env_Plains_Ruins/StaticMesh/SM_Plains_CastleWall_Ruin_02.uasset" 500
"../../../mutagen/Content/InfinityBladeGrassLands/Environments/Plains/Env_Plains_Ruins/StaticMesh/SM_Plains_CastleWall_Ruin_03.uasset" 501
"../../../mutagen/Content/InfinityBladeGrassLands/Environments/Plains/Env_Plains_Ruins/StaticMesh/SM_Plains_CastleWall_Ruin_04.uasset" 502
"../../../mutagen/Content/InfinityBladeGrassLands/Environments/Plains/Env_Plains_Ruins/StaticMesh/SM_Plains_CastleWall_Support_01.uasset" 503
"../../../mutagen/Content/InfinityBladeGrassLands/Environments/Plains/Env_Plains_Ruins/StaticMesh/SM_Plains_Column_Large_01.uasset" 504
"../../../mutagen/Content/InfinityBladeGrassLands/Environments/Plains/Env_Plains_Ruins/StaticMesh/SM_Plains_Column_Large_Broken_01.uasset" 505
"../../../mutagen/Content/InfinityBladeGrassLands/Environments/Plains/Env_Plains_Ruins/StaticMesh/SM_Plains_Column_Large_Broken_02.uasset" 506
"../../../mutagen/Content/InfinityBladeGrassLands/Environments/Plains/Env_Plains_Ruins/StaticMesh/SM_Plains_Column_Large_Broken_03.uasset" 507
"../../../mutagen/Content/InfinityBladeGrassLands/Environments/Plains/Env_Plains_Ruins/StaticMesh/SM_Plains_Column_Mid_01.uasset" 508
"../../../mutagen/Content/InfinityBladeGrassLands/Environments/Plains/Env_Plains_Ruins/StaticMesh/SM_Plains_Column_Small_01.uasset" 509
"../../../mutagen/Content/InfinityBladeGrassLands/Environments/Plains/Env_Plains_Ruins/StaticMesh/SM_Plains_Column_Small_Broken_01.uasset" 510
"../../../mutagen/Content/InfinityBladeGrassLands/Environments/Plains/Env_Plains_Ruins/StaticMesh/SM_Plains_Column_Small_Broken_02.uasset" 511
"../../../mutagen/Content/InfinityBladeGrassLands/Environments/Plains/Env_Plains_Ruins/StaticMesh/SM_Plains_Ruin_BuildingLOD01.uasset" 512
"../../../mutagen/Content/InfinityBladeGrassLands/Environments/Plains/Env_Plains_Ruins/StaticMesh/SM_Plains_Ruin_BuildingLOD02.uasset" 513
"../../../mutagen/Content/InfinityBladeGrassLands/Environments/Plains/Env_Plains_Ruins/StaticMesh/SM_Plains_Ruin_BuildingLOD03.uasset" 514
"../../../mutagen/Content/InfinityBladeGrassLands/Environments/Plains/Env_Plains_Ruins/Textures/T_Plains_Ruins_Cage_D.uasset" 515
"../../../mutagen/Content/InfinityBladeGrassLands/Environments/Plains/Env_Plains_Ruins/Textures/T_Plains_Ruins_Cage_N.uasset" 516
"../../../mutagen/Content/InfinityBladeGrassLands/Environments/Plains/Env_Plains_Ruins/Materials/M_Plains_Cage.uasset" 517
"../../../mutagen/Content/InfinityBladeGrassLands/Environments/Plains/Env_Plains_Ruins/StaticMesh/SM_Plains_Ruins_Brazier_01.uasset" 518
"../../../mutagen/Content/InfinityBladeGrassLands/Environments/Plains/Env_Plains_Ruins/StaticMesh/SM_Plains_Ruins_Cage_Broken_02.uasset" 519
"../../../mutagen/Content/InfinityBladeGrassLands/Environments/Plains/Env_Plains_Ruins/StaticMesh/SM_Plains_ShortColumn_01.uasset" 520
"../../../mutagen/Content/InfinityBladeGrassLands/Environments/Plains/Env_Plains_Ruins/StaticMesh/SM_Plains_ShortWall_Straight_01.uasset" 521
"../../../mutagen/Content/InfinityBladeGrassLands/Environments/Plains/Env_Plains_Ruins/StaticMesh/SM_Plains_Wall_Railing_01.uasset" 522
"../../../mutagen/Content/InfinityBladeGrassLands/Environments/Plains/Env_Plains_Ruins/StaticMesh/SM_Plains_Wall_Straight_01.uasset" 523
"../../../mutagen/Content/InfinityBladeGrassLands/Environments/Plains/Env_Plains_Statues/StaticMesh/SM_Plains_Angel_Statue_01_nobase.uasset" 524
"../../../mutagen/Content/InfinityBladeGrassLands/Environments/Plains/Env_Plains_Statues/StaticMesh/SM_Plains_Angel_Statue_01_nobase_torch.uasset" 525
"../../../mutagen/Content/InfinityBladeGrassLands/Environments/Plains/Env_Plains_Statues/StaticMesh/SM_Plains_Man_Statue_01.uasset" 526
"../../../mutagen/Content/InfinityBladeGrassLands/Environments/Plains/Env_Plains_Statues/StaticMesh/SM_Plains_Man_Statue_01_torch.uasset" 527
"../../../mutagen/Content/InfinityBladeGrassLands/Environments/Plains/Env_Plains_Terrain/ElvenRuins_Terrain.uasset" 528
"../../../mutagen/Content/Maps/loginMap.umap" 529
"../../../mutagen/Content/Maps/entryMap_BuiltData.uasset" 530
"../../../mutagen/Content/Maps/entryMap.umap" 531
